2021-11-24 16:53:17  id: 1073956394 text: помощь
2021-11-24 16:53:19  id: 1073956394 text: меню
2021-11-24 16:53:19  id: 1073956394 text: покажи все меню
2021-11-24 16:53:19  id: 1073956394 text: вся пицца
2021-11-24 17:16:47  id: 1073956394 text: помощь
2021-11-24 17:16:52  id: 1073956394 text: меню
2021-11-24 17:16:53  id: 1073956394 text: помощь
2021-11-24 17:16:54  id: 1073956394 text: помощь
2021-11-24 17:16:55  id: 1073956394 text: анекдот
2021-11-24 17:16:56  id: 1073956394 text: меню
2021-11-24 17:16:57  id: 1073956394 text: покажи все меню
2021-11-24 17:16:58  id: 1073956394 text: покажи все меню
2021-11-24 17:16:59  id: 1073956394 text: вся пицца
2021-11-24 17:16:59  id: 1073956394 text: вся пицца
2021-11-24 17:17:00  id: 1073956394 text: помощь
2021-11-24 17:17:21  id: 1073956394 text: анекдот
2021-11-24 17:17:21  id: 1073956394 text: login
2021-11-24 17:17:29  id: 1073956394 text: помощь
2021-11-24 17:17:30  id: 1073956394 text: меню
2021-11-24 17:17:31  id: 1073956394 text: покажи все меню
2021-11-24 17:17:31  id: 1073956394 text: вся пицца
2021-11-24 17:17:32  id: 1073956394 text: помощь
2021-11-24 17:17:33  id: 1073956394 text: анекдот
2021-11-24 17:17:33  id: 1073956394 text: анекдот
2021-11-24 17:17:34  id: 1073956394 text: exit
2021-11-24 17:17:38  id: 1073956394 text: помощь
2021-11-24 17:17:39  id: 1073956394 text: login
2021-11-24 17:17:47  id: 1073956394 text: exit
2021-11-24 17:17:48  id: 1073956394 text: login
2021-11-24 17:17:53  id: 1073956394 text: заказы
2021-11-24 17:17:55  id: 1073956394 text: акции
2021-11-26 19:33:31  id: 1073956394 text: помощь
2021-11-26 19:33:32  id: 1073956394 text: меню
2021-11-26 19:33:33  id: 1073956394 text: помощь
2021-11-26 19:33:34  id: 1073956394 text: помощь
2021-11-26 19:33:35  id: 1073956394 text: меню
2021-11-26 19:33:36  id: 1073956394 text: покажи все меню
2021-11-26 19:33:37  id: 1073956394 text: покажи все меню
2021-11-26 19:33:37  id: 1073956394 text: покажи все меню
2021-11-26 19:33:37  id: 1073956394 text: покажи все меню
2021-11-26 19:33:38  id: 1073956394 text: покажи все меню
2021-11-26 19:33:38  id: 1073956394 text: покажи все меню
2021-11-26 19:33:39  id: 1073956394 text: вся пицца
2021-11-26 19:33:40  id: 1073956394 text: вся пицца
2021-11-26 19:33:46  id: 1073956394 text: помощь
2021-11-26 19:33:47  id: 1073956394 text: анекдот
2021-11-26 19:33:49  id: 1073956394 text: анекдот
2021-11-26 19:33:49  id: 1073956394 text: login
2021-11-26 19:33:52  id: 1073956394 text: Про
2021-11-26 19:33:53  id: 1073956394 text: анекдот
2021-11-26 19:33:53  id: 1073956394 text: анекдот
2021-11-26 19:34:43  id: 1073956394 text: помощь
2021-11-26 19:34:44  id: 1073956394 text: помощь
2021-11-26 19:34:45  id: 1073956394 text: меню
2021-11-26 19:34:45  id: 1073956394 text: меню
2021-11-26 19:34:46  id: 1073956394 text: покажи все меню
2021-11-26 19:34:47  id: 1073956394 text: покажи все меню
2021-11-26 19:34:47  id: 1073956394 text: вся пицца
2021-11-26 19:34:48  id: 1073956394 text: вся пицца
2021-11-26 19:34:48  id: 1073956394 text: вся пицца
2021-11-26 19:34:49  id: 1073956394 text: помощь
2021-11-26 19:34:50  id: 1073956394 text: анекдот
2021-11-26 19:34:51  id: 1073956394 text: анекдот
2021-11-26 19:34:52  id: 1073956394 text: login
2021-11-26 19:34:53  id: 1073956394 text: Роо
2021-11-26 19:35:20  id: 1073956394 text: помощь
2021-11-26 19:35:22  id: 1073956394 text: меню
2021-11-26 19:35:23  id: 1073956394 text: покажи все меню
2021-11-26 19:35:24  id: 1073956394 text: вся пицца
2021-11-26 19:35:25  id: 1073956394 text: помощь
2021-11-26 19:35:27  id: 1073956394 text: анекдот
2021-11-26 19:35:28  id: 1073956394 text: login
2021-11-26 19:35:34  id: 1073956394 text: помощь
2021-11-26 19:35:35  id: 1073956394 text: меню
2021-11-26 19:35:37  id: 1073956394 text: покажи все меню
2021-11-26 19:35:38  id: 1073956394 text: вся пицца
2021-11-26 19:35:39  id: 1073956394 text: вся пицца
2021-11-26 19:35:40  id: 1073956394 text: помощь
2021-11-26 19:35:43  id: 1073956394 text: анекдот
2021-11-26 19:35:50  id: 1073956394 text: анекдот
2021-11-26 19:35:53  id: 1073956394 text: аккаунт
2021-11-26 19:39:03  id: 1073956394 text: помощь
2021-11-26 19:39:04  id: 1073956394 text: меню
2021-11-26 19:39:06  id: 1073956394 text: помощь
2021-11-26 19:39:07  id: 1073956394 text: меню
2021-11-26 19:39:08  id: 1073956394 text: помощь
2021-11-26 19:39:09  id: 1073956394 text: анекдот
2021-11-26 19:39:11  id: 1073956394 text: login
2021-11-26 19:39:16  id: 1073956394 text: помощь
2021-11-26 19:39:17  id: 1073956394 text: меню
2021-11-26 19:39:18  id: 1073956394 text: меню
2021-11-26 19:39:19  id: 1073956394 text: покажи все меню
2021-11-26 19:39:20  id: 1073956394 text: вся пицца
2021-11-26 19:39:21  id: 1073956394 text: помощь
2021-11-26 19:39:22  id: 1073956394 text: анекдот
2021-11-26 19:39:22  id: 1073956394 text: аккаунт
2021-11-26 19:41:13  id: 1073956394 text: акции
2021-11-26 19:41:14  id: 1073956394 text: анекдот
2021-11-26 19:41:16  id: 1073956394 text: login
2021-11-26 19:41:21  id: 1073956394 text: аккаунт
2021-11-26 19:47:26  id: 1073956394 text: exit
2021-11-26 19:47:27  id: 1073956394 text: помощь
2021-11-26 19:47:28  id: 1073956394 text: login
2021-11-26 19:47:34  id: 1073956394 text: аккаунт
2021-11-26 19:48:42  id: 1073956394 text: помощь
2021-11-26 19:48:43  id: 1073956394 text: меню
2021-11-26 19:48:44  id: 1073956394 text: покажи все меню
2021-11-26 19:48:47  id: 1073956394 text: помощь
2021-11-26 19:48:48  id: 1073956394 text: login
2021-11-26 19:48:55  id: 1073956394 text: помощь
2021-11-26 19:48:56  id: 1073956394 text: аккаунт
2021-11-26 19:52:33  id: 1073956394 text: помощь
2021-11-26 19:52:42  id: 1073956394 text: меню
2021-11-26 19:52:43  id: 1073956394 text: покажи все меню
2021-11-26 19:52:44  id: 1073956394 text: вся пицца
2021-11-26 19:52:45  id: 1073956394 text: помощь
2021-11-26 19:52:45  id: 1073956394 text: login
2021-11-26 19:52:50  id: 1073956394 text: аккаунт
2021-11-26 19:54:17  id: 1073956394 text: акции
2021-11-26 19:54:18  id: 1073956394 text: заказы
2021-11-26 19:55:38  id: 1073956394 text: помощь
2021-11-26 19:55:41  id: 1073956394 text: меню
2021-11-26 19:55:42  id: 1073956394 text: покажи все меню
2021-11-26 19:55:42  id: 1073956394 text: вся пицца
2021-11-26 19:55:43  id: 1073956394 text: помощь
2021-11-26 19:55:44  id: 1073956394 text: анекдот
2021-11-26 19:55:46  id: 1073956394 text: анекдот
2021-11-26 19:55:47  id: 1073956394 text: login
2021-11-26 19:55:52  id: 1073956394 text: помощь
2021-11-26 19:55:53  id: 1073956394 text: меню
2021-11-26 19:55:54  id: 1073956394 text: покажи все меню
2021-11-26 19:55:55  id: 1073956394 text: вся пицца
2021-11-26 19:55:56  id: 1073956394 text: помощь
2021-11-26 19:55:57  id: 1073956394 text: анекдот
2021-11-26 19:55:58  id: 1073956394 text: анекдот
2021-11-26 19:55:59  id: 1073956394 text: аккаунт
2021-11-26 19:56:07  id: 1073956394 text: аккаунт
2021-11-26 19:56:11  id: 1073956394 text: помощь
2021-11-26 19:56:13  id: 1073956394 text: меню
2021-11-26 19:56:14  id: 1073956394 text: покажи все меню
2021-11-26 19:56:15  id: 1073956394 text: вся пицца
2021-11-26 19:56:16  id: 1073956394 text: помощь
2021-11-26 19:56:16  id: 1073956394 text: login
2021-11-26 19:56:22  id: 1073956394 text: аккаунт
2021-11-26 19:56:47  id: 1073956394 text: акции
2021-12-25 16:23:03  id: 1073956394 text: помощь
2021-12-25 16:23:04  id: 1073956394 text: login
2021-12-25 16:23:14  id: 1073956394 text: аккаунт
2021-12-25 16:23:18  id: 1073956394 text: login
2021-12-25 18:33:47  id: 1073956394 text: аккаунт
2021-12-25 18:33:49  id: 1073956394 text: помощь
2021-12-25 18:33:54  id: 1073956394 text: login
2021-12-25 18:35:36  id: 1073956394 text: Про
2021-12-25 18:35:39  id: 1073956394 text: login
2021-12-25 18:38:13  id: 1073956394 text: Пр
2021-12-25 18:39:04  id: 1073956394 text: помощь
2021-12-25 18:39:06  id: 1073956394 text: помощь
2021-12-25 18:39:08  id: 1073956394 text: помощь
2021-12-25 18:39:09  id: 1073956394 text: помощь
2021-12-25 18:39:44  id: 1073956394 text: login
2021-12-25 18:40:30  id: 1073956394 text: Рро
2021-12-25 18:40:32  id: 1073956394 text: login
2021-12-25 18:41:01  id: 1073956394 text: Проо
2021-12-25 18:41:03  id: 1073956394 text: login
2021-12-25 18:44:06  id: 1073956394 text: Рро
2021-12-25 18:44:08  id: 1073956394 text: login
2021-12-25 18:49:06  id: 1073956394 text: аккаунт
2021-12-25 18:49:07  id: 1073956394 text: login
2021-12-25 18:49:22  id: 1073956394 text: аккаунт
2021-12-25 18:50:08  id: 1073956394 text: заказы
2021-12-25 18:50:09  id: 1073956394 text: login
2021-12-25 18:50:43  id: 1073956394 text: аккаунт
2021-12-25 18:50:45  id: 1073956394 text: анекдот
2021-12-25 18:50:46  id: 1073956394 text: login
2021-12-25 18:51:04  id: 1073956394 text: аккаунт
2021-12-25 18:51:05  id: 1073956394 text: меню
2021-12-25 18:51:07  id: 1073956394 text: вся пицца
2021-12-25 18:51:08  id: 1073956394 text: помощь
2021-12-25 18:51:10  id: 1073956394 text: login
2021-12-25 18:51:57  id: 1073956394 text: аккаунт
2021-12-25 18:51:59  id: 1073956394 text: login
2021-12-25 18:52:24  id: 1073956394 text: аккаунт
2021-12-25 18:55:38  id: 1073956394 text: помощь
2021-12-25 18:55:40  id: 1073956394 text: анекдот
2021-12-25 18:55:41  id: 1073956394 text: login
2021-12-25 18:55:48  id: 1073956394 text: аккаунт
2021-12-25 18:56:10  id: 1073956394 text: login
2021-12-25 18:56:16  id: 1073956394 text: login
2021-12-25 18:59:07  id: 1073956394 text: помощь
2021-12-25 18:59:08  id: 1073956394 text: меню
2021-12-25 18:59:10  id: 1073956394 text: вся пицца
2021-12-25 18:59:11  id: 1073956394 text: помощь
2021-12-25 18:59:11  id: 1073956394 text: login
2021-12-25 18:59:19  id: 1073956394 text: login
2021-12-25 18:59:28  id: 1073956394 text: аккаунт
2021-12-25 18:59:32  id: 1073956394 text: login
2021-12-25 18:59:38  id: 1073956394 text: login
2021-12-25 18:59:44  id: 1073956394 text: login
